[
{"status": "failed", "elements": [{"browser_config": false, "name": "Run a simple test", "keyword": "Scenario", "tags": [], "steps": [{"name": "we have behave installed", "keyword": "Given", "step_type": "given", "location": "bdd/features/behave.feature:5", "screenshots": {"actual": []}, "match": {"location": "bdd/steps/steps.py:6", "arguments": []}, "result": {"status": "passed", "duration": 0.004242897033691406}}, {"name": "we implement 5 tests", "keyword": "When", "step_type": "when", "location": "bdd/features/behave.feature:6", "screenshots": {"actual": []}, "match": {"location": "bdd/steps/steps.py:10", "arguments": [{"name": "number", "value": 5, "original": "5"}]}, "result": {"status": "passed", "duration": 0.003462076187133789}}, {"name": "behave will test them for us!", "keyword": "Then", "step_type": "then", "location": "bdd/features/behave.feature:7", "screenshots": {"actual": []}, "match": {"location": "bdd/steps/steps.py:15", "arguments": []}, "result": {"status": "passed", "duration": 0.00033402442932128906}}], "location": "bdd/features/behave.feature:4", "type": "scenario"}, {"browser_config": false, "name": "Test with Red Tree Frog -- @1.1 Example_group", "keyword": "Scenario Outline", "tags": [], "steps": [{"name": "we have behave installed", "keyword": "Given", "step_type": "given", "location": "bdd/features/behave.feature:10", "screenshots": {"actual": []}, "match": {"location": "bdd/steps/steps.py:6", "arguments": []}, "result": {"status": "passed", "duration": 0.0005600452423095703}}, {"name": "we implement 1 tests", "keyword": "When", "step_type": "when", "location": "bdd/features/behave.feature:11", "screenshots": {"actual": []}, "match": {"location": "bdd/steps/steps.py:10", "arguments": [{"name": "number", "value": 1, "original": "1"}]}, "result": {"status": "failed", "duration": 0.0009801387786865234, "error_message": ["Traceback (most recent call last):", "  File \"/home/mihailob/projects/\u00d0\u00bf\u00d0\u00b5\u00d0\u00b4\u00d0\u00b0\u00d0\u00bd\u00d1\u0082/lib/python/behave/model.py\", line 1456, in run", "    match.run(runner.context)", "  File \"/home/mihailob/projects/\u00d0\u00bf\u00d0\u00b5\u00d0\u00b4\u00d0\u00b0\u00d0\u00bd\u00d1\u0082/lib/python/behave/model.py\", line 1902, in run", "    self.func(context, *args, **kwargs)", "  File \"bdd/steps/steps.py\", line 12, in step_impl", "    assert number > 1 or number == 0", "AssertionError"]}}, {"screenshots": {"actual": []}, "step_type": "then", "name": "behave will test it for us!", "keyword": "Then", "location": "bdd/features/behave.feature:12"}], "location": "bdd/features/behave.feature:16", "type": "scenario"}, {"browser_config": false, "name": "Test with apples -- @1.2 Example_group", "keyword": "Scenario Outline", "tags": [], "steps": [{"name": "we have behave installed", "keyword": "Given", "step_type": "given", "location": "bdd/features/behave.feature:10", "screenshots": {"actual": []}, "match": {"location": "bdd/steps/steps.py:6", "arguments": []}, "result": {"status": "passed", "duration": 0.0003490447998046875}}, {"name": "we implement 2 tests", "keyword": "When", "step_type": "when", "location": "bdd/features/behave.feature:11", "screenshots": {"actual": []}, "match": {"location": "bdd/steps/steps.py:10", "arguments": [{"name": "number", "value": 2, "original": "2"}]}, "result": {"status": "passed", "duration": 0.0006899833679199219}}, {"name": "behave will test it for us!", "keyword": "Then", "step_type": "then", "location": "bdd/features/behave.feature:12", "screenshots": {"actual": []}, "match": {"location": "bdd/steps/steps.py:20", "arguments": []}, "result": {"status": "failed", "duration": 0.0006959438323974609, "error_message": ["Traceback (most recent call last):", "  File \"/home/mihailob/projects/\u00d0\u00bf\u00d0\u00b5\u00d0\u00b4\u00d0\u00b0\u00d0\u00bd\u00d1\u0082/lib/python/behave/model.py\", line 1456, in run", "    match.run(runner.context)", "  File \"/home/mihailob/projects/\u00d0\u00bf\u00d0\u00b5\u00d0\u00b4\u00d0\u00b0\u00d0\u00bd\u00d1\u0082/lib/python/behave/model.py\", line 1902, in run", "    self.func(context, *args, **kwargs)", "  File \"bdd/steps/steps.py\", line 22, in step_impl", "    assert context.failed is False", "AssertionError"]}}], "location": "bdd/features/behave.feature:17", "type": "scenario"}, {"browser_config": false, "name": "Test with iPhone -- @2.1 Example 2", "keyword": "Scenario Outline", "tags": [], "steps": [{"name": "we have behave installed", "keyword": "Given", "step_type": "given", "location": "bdd/features/behave.feature:10", "screenshots": {"actual": []}, "match": {"location": "bdd/steps/steps.py:6", "arguments": []}, "result": {"status": "passed", "duration": 0.0012710094451904297}}, {"name": "we implement 3 tests", "keyword": "When", "step_type": "when", "location": "bdd/features/behave.feature:11", "screenshots": {"actual": []}, "match": {"location": "bdd/steps/steps.py:10", "arguments": [{"name": "number", "value": 3, "original": "3"}]}, "result": {"status": "passed", "duration": 0.002196073532104492}}, {"name": "behave will test it for us!", "keyword": "Then", "step_type": "then", "location": "bdd/features/behave.feature:12", "screenshots": {"actual": []}, "match": {"location": "bdd/steps/steps.py:20", "arguments": []}, "result": {"status": "failed", "duration": 0.0010230541229248047, "error_message": ["Traceback (most recent call last):", "  File \"/home/mihailob/projects/\u00d0\u00bf\u00d0\u00b5\u00d0\u00b4\u00d0\u00b0\u00d0\u00bd\u00d1\u0082/lib/python/behave/model.py\", line 1456, in run", "    match.run(runner.context)", "  File \"/home/mihailob/projects/\u00d0\u00bf\u00d0\u00b5\u00d0\u00b4\u00d0\u00b0\u00d0\u00bd\u00d1\u0082/lib/python/behave/model.py\", line 1902, in run", "    self.func(context, *args, **kwargs)", "  File \"bdd/steps/steps.py\", line 22, in step_impl", "    assert context.failed is False", "AssertionError"]}}], "location": "bdd/features/behave.feature:21", "type": "scenario"}, {"browser_config": false, "name": "Test with Galaxy Nexus -- @2.2 Example 2", "keyword": "Scenario Outline", "tags": [], "steps": [{"name": "we have behave installed", "keyword": "Given", "step_type": "given", "location": "bdd/features/behave.feature:10", "screenshots": {"actual": []}, "match": {"location": "bdd/steps/steps.py:6", "arguments": []}, "result": {"status": "passed", "duration": 0.0002110004425048828}}, {"name": "we implement 4 tests", "keyword": "When", "step_type": "when", "location": "bdd/features/behave.feature:11", "screenshots": {"actual": []}, "match": {"location": "bdd/steps/steps.py:10", "arguments": [{"name": "number", "value": 4, "original": "4"}]}, "result": {"status": "passed", "duration": 0.00020599365234375}}, {"name": "behave will test it for us!", "keyword": "Then", "step_type": "then", "location": "bdd/features/behave.feature:12", "screenshots": {"actual": []}, "match": {"location": "bdd/steps/steps.py:20", "arguments": []}, "result": {"status": "failed", "duration": 0.00010013580322265625, "error_message": ["Traceback (most recent call last):", "  File \"/home/mihailob/projects/\u00d0\u00bf\u00d0\u00b5\u00d0\u00b4\u00d0\u00b0\u00d0\u00bd\u00d1\u0082/lib/python/behave/model.py\", line 1456, in run", "    match.run(runner.context)", "  File \"/home/mihailob/projects/\u00d0\u00bf\u00d0\u00b5\u00d0\u00b4\u00d0\u00b0\u00d0\u00bd\u00d1\u0082/lib/python/behave/model.py\", line 1902, in run", "    self.func(context, *args, **kwargs)", "  File \"bdd/steps/steps.py\", line 22, in step_impl", "    assert context.failed is False", "AssertionError"]}}], "location": "bdd/features/behave.feature:22", "type": "scenario"}], "name": "Showing off behave", "keyword": "Feature", "tags": [], "location": "bdd/features/behave.feature:2"}
]
